<?xml version="1.0" encoding="UTF-8"?>
<!-- Generated by org.testng.reporters.JUnitXMLReporter -->
<testsuite ignored="8" hostname="Manu786" failures="2" tests="4" name="Test" time="533.499" errors="0" timestamp="2025-01-16T23:31:42 EST">
  <testcase classname="com.luma.pagetests.BagsGearPagePaginationTest" name="verifyNumberOfPagesandItemsAreCorrect" time="110.371">
    <failure type="org.openqa.selenium.ElementClickInterceptedException" message="element click intercepted: Element &amp;lt;span&amp;gt;...&amp;lt;/span&amp;gt; is not clickable at point (252, 643). Other element would receive the click: &amp;lt;div class=&amp;quot;product-item-inner&amp;quot;&amp;gt;...&amp;lt;/div&amp;gt;
  (Session info: chrome=131.0.6778.206)
Build info: version: &amp;apos;4.27.0&amp;apos;, revision: &amp;apos;d6e718d134&amp;apos;
System info: os.name: &amp;apos;Windows 11&amp;apos;, os.arch: &amp;apos;amd64&amp;apos;, os.version: &amp;apos;10.0&amp;apos;, java.version: &amp;apos;21.0.1&amp;apos;
Driver info: org.openqa.selenium.chrome.ChromeDriver
Command: [a8d78de3adc01842553fd3c6a5a3fce7, clickElement {id=f.1F42C18E414606D2FE064047C63777DC.d.573178F617B884D1AB904C3BD8225C76.e.206}]
Capabilities {acceptInsecureCerts: false, browserName: chrome, browserVersion: 131.0.6778.206, chrome: {chromedriverVersion: 131.0.6778.264 (2d05e315153..., userDataDir: C:\Users\Manu\AppData\Local...}, fedcm:accounts: true, goog:chromeOptions: {debuggerAddress: localhost:55640}, networkConnectionEnabled: false, pageLoadStrategy: normal, platformName: windows, proxy: Proxy(), se:cdp: ws://localhost:55640/devtoo..., se:cdpVersion: 131.0.6778.206, setWindowRect: true, strictFileInteractability: false, timeouts: {implicit: 0, pageLoad: 300000, script: 30000}, unhandledPromptBehavior: dismiss and notify, webauthn:extension:credBlob: true, webauthn:extension:largeBlob: true, webauthn:extension:minPinLength: true, webauthn:extension:prf: true, webauthn:virtualAuthenticators: true}
Element: [[ChromeDriver: chrome on windows (a8d78de3adc01842553fd3c6a5a3fce7)] -&amp;gt; xpath: (//div[@class=&amp;apos;pages&amp;apos;]//ul)[2]//span[2][text()=&amp;apos;1&amp;apos;]]
Session ID: a8d78de3adc01842553fd3c6a5a3fce7">
      <![CDATA[org.openqa.selenium.ElementClickInterceptedException: element click intercepted: Element <span>...</span> is not clickable at point (252, 643). Other element would receive the click: <div class="product-item-inner">...</div>
  (Session info: chrome=131.0.6778.206)
Build info: version: '4.27.0', revision: 'd6e718d134'
System info: os.name: 'Windows 11', os.arch: 'amd64', os.version: '10.0', java.version: '21.0.1'
Driver info: org.openqa.selenium.chrome.ChromeDriver
Command: [a8d78de3adc01842553fd3c6a5a3fce7, clickElement {id=f.1F42C18E414606D2FE064047C63777DC.d.573178F617B884D1AB904C3BD8225C76.e.206}]
Capabilities {acceptInsecureCerts: false, browserName: chrome, browserVersion: 131.0.6778.206, chrome: {chromedriverVersion: 131.0.6778.264 (2d05e315153..., userDataDir: C:\Users\Manu\AppData\Local...}, fedcm:accounts: true, goog:chromeOptions: {debuggerAddress: localhost:55640}, networkConnectionEnabled: false, pageLoadStrategy: normal, platformName: windows, proxy: Proxy(), se:cdp: ws://localhost:55640/devtoo..., se:cdpVersion: 131.0.6778.206, setWindowRect: true, strictFileInteractability: false, timeouts: {implicit: 0, pageLoad: 300000, script: 30000}, unhandledPromptBehavior: dismiss and notify, webauthn:extension:credBlob: true, webauthn:extension:largeBlob: true, webauthn:extension:minPinLength: true, webauthn:extension:prf: true, webauthn:virtualAuthenticators: true}
Element: [[ChromeDriver: chrome on windows (a8d78de3adc01842553fd3c6a5a3fce7)] -> xpath: (//div[@class='pages']//ul)[2]//span[2][text()='1']]
Session ID: a8d78de3adc01842553fd3c6a5a3fce7
at org.openqa.selenium.remote.ErrorCodec.decode(ErrorCodec.java:167)
at org.openqa.selenium.remote.codec.w3c.W3CHttpResponseCodec.decode(W3CHttpResponseCodec.java:138)
at org.openqa.selenium.remote.codec.w3c.W3CHttpResponseCodec.decode(W3CHttpResponseCodec.java:50)
at org.openqa.selenium.remote.HttpCommandExecutor.execute(HttpCommandExecutor.java:190)
at org.openqa.selenium.remote.service.DriverCommandExecutor.invokeExecute(DriverCommandExecutor.java:216)
at org.openqa.selenium.remote.service.DriverCommandExecutor.execute(DriverCommandExecutor.java:174)
at org.openqa.selenium.remote.RemoteWebDriver.execute(RemoteWebDriver.java:545)
at org.openqa.selenium.remote.RemoteWebElement.execute(RemoteWebElement.java:223)
at org.openqa.selenium.remote.RemoteWebElement.click(RemoteWebElement.java:76)
at com.luma.pages.CommonPage.goToPageNumber(CommonPage.java:260)
at com.luma.pages.CommonPage.getTotalItemsOnPage(CommonPage.java:246)
at com.luma.pagetests.BagsGearPagePaginationTest.verifyNumberOfPagesandItemsAreCorrect(BagsGearPagePaginationTest.java:19)
at java.base/java.util.ArrayList.forEach(ArrayList.java:1596)
... Removed 28 stack frames]]>
    </failure>
  </testcase> <!-- verifyNumberOfPagesandItemsAreCorrect -->
  <testcase classname="com.luma.pagetests.TopsWomenPageSortByTest" name="verifySortBySortsItemsCorrectly" time="128.59"/>
  <testcase classname="com.luma.pagetests.CreateNewCustomerAccountTest" name="verifyCreationOfNewCustomerAccount" time="6.478">
    <failure type="org.openqa.selenium.StaleElementReferenceException" message="stale element reference: stale element not found in the current frame
  (Session info: chrome=131.0.6778.206)
For documentation on this error, please visit: https://www.selenium.dev/documentation/webdriver/troubleshooting/errors#stale-element-reference-exception
Build info: version: &amp;apos;4.27.0&amp;apos;, revision: &amp;apos;d6e718d134&amp;apos;
System info: os.name: &amp;apos;Windows 11&amp;apos;, os.arch: &amp;apos;amd64&amp;apos;, os.version: &amp;apos;10.0&amp;apos;, java.version: &amp;apos;21.0.1&amp;apos;
Driver info: org.openqa.selenium.chrome.ChromeDriver
Command: [c5b57b42c9643c43e0edf49bc5565a0c, getElementText {id=f.948EFAD1C0F199BC23111F5561B9B428.d.DFB1ADD66E52683639822D29FE37A724.e.119}]
Capabilities {acceptInsecureCerts: false, browserName: chrome, browserVersion: 131.0.6778.206, chrome: {chromedriverVersion: 131.0.6778.264 (2d05e315153..., userDataDir: C:\Users\Manu\AppData\Local...}, fedcm:accounts: true, goog:chromeOptions: {debuggerAddress: localhost:56678}, networkConnectionEnabled: false, pageLoadStrategy: normal, platformName: windows, proxy: Proxy(), se:cdp: ws://localhost:56678/devtoo..., se:cdpVersion: 131.0.6778.206, setWindowRect: true, strictFileInteractability: false, timeouts: {implicit: 0, pageLoad: 300000, script: 30000}, unhandledPromptBehavior: dismiss and notify, webauthn:extension:credBlob: true, webauthn:extension:largeBlob: true, webauthn:extension:minPinLength: true, webauthn:extension:prf: true, webauthn:virtualAuthenticators: true}
Element: [[ChromeDriver: chrome on windows (c5b57b42c9643c43e0edf49bc5565a0c)] -&amp;gt; xpath: //div[@role=&amp;apos;alert&amp;apos;]/div/div]
Session ID: c5b57b42c9643c43e0edf49bc5565a0c">
      <![CDATA[org.openqa.selenium.StaleElementReferenceException: stale element reference: stale element not found in the current frame
  (Session info: chrome=131.0.6778.206)
For documentation on this error, please visit: https://www.selenium.dev/documentation/webdriver/troubleshooting/errors#stale-element-reference-exception
Build info: version: '4.27.0', revision: 'd6e718d134'
System info: os.name: 'Windows 11', os.arch: 'amd64', os.version: '10.0', java.version: '21.0.1'
Driver info: org.openqa.selenium.chrome.ChromeDriver
Command: [c5b57b42c9643c43e0edf49bc5565a0c, getElementText {id=f.948EFAD1C0F199BC23111F5561B9B428.d.DFB1ADD66E52683639822D29FE37A724.e.119}]
Capabilities {acceptInsecureCerts: false, browserName: chrome, browserVersion: 131.0.6778.206, chrome: {chromedriverVersion: 131.0.6778.264 (2d05e315153..., userDataDir: C:\Users\Manu\AppData\Local...}, fedcm:accounts: true, goog:chromeOptions: {debuggerAddress: localhost:56678}, networkConnectionEnabled: false, pageLoadStrategy: normal, platformName: windows, proxy: Proxy(), se:cdp: ws://localhost:56678/devtoo..., se:cdpVersion: 131.0.6778.206, setWindowRect: true, strictFileInteractability: false, timeouts: {implicit: 0, pageLoad: 300000, script: 30000}, unhandledPromptBehavior: dismiss and notify, webauthn:extension:credBlob: true, webauthn:extension:largeBlob: true, webauthn:extension:minPinLength: true, webauthn:extension:prf: true, webauthn:virtualAuthenticators: true}
Element: [[ChromeDriver: chrome on windows (c5b57b42c9643c43e0edf49bc5565a0c)] -> xpath: //div[@role='alert']/div/div]
Session ID: c5b57b42c9643c43e0edf49bc5565a0c
at org.openqa.selenium.remote.ErrorCodec.decode(ErrorCodec.java:167)
at org.openqa.selenium.remote.codec.w3c.W3CHttpResponseCodec.decode(W3CHttpResponseCodec.java:138)
at org.openqa.selenium.remote.codec.w3c.W3CHttpResponseCodec.decode(W3CHttpResponseCodec.java:50)
at org.openqa.selenium.remote.HttpCommandExecutor.execute(HttpCommandExecutor.java:190)
at org.openqa.selenium.remote.service.DriverCommandExecutor.invokeExecute(DriverCommandExecutor.java:216)
at org.openqa.selenium.remote.service.DriverCommandExecutor.execute(DriverCommandExecutor.java:174)
at org.openqa.selenium.remote.RemoteWebDriver.execute(RemoteWebDriver.java:545)
at org.openqa.selenium.remote.RemoteWebElement.execute(RemoteWebElement.java:223)
at org.openqa.selenium.remote.RemoteWebElement.getText(RemoteWebElement.java:191)
at com.luma.pages.MyAccountPage.getConfirmationMessage(MyAccountPage.java:16)
at com.luma.pagetests.CreateNewCustomerAccountTest.verifyCreationOfNewCustomerAccount(CreateNewCustomerAccountTest.java:29)
at java.base/java.util.ArrayList.forEach(ArrayList.java:1596)
... Removed 28 stack frames]]>
    </failure>
  </testcase> <!-- verifyCreationOfNewCustomerAccount -->
  <testcase classname="com.luma.pagetests.TopsWomenPageCartTest" name="verifyAddToCartAddsItemsCorrectly" time="195.628"/>
  <testcase classname="com.luma.pagetests.BaseTest" name="@BeforeSuite init" time="0.0">
    <ignored/>
  </testcase> <!-- @BeforeSuite init -->
  <testcase classname="com.luma.pagetests.BaseTest" name="@BeforeSuite init" time="0.0">
    <ignored/>
  </testcase> <!-- @BeforeSuite init -->
  <testcase classname="com.luma.pagetests.BaseTest" name="@BeforeSuite init" time="0.0">
    <ignored/>
  </testcase> <!-- @BeforeSuite init -->
  <testcase classname="com.luma.pagetests.BaseTest" name="@BeforeSuite init" time="0.0">
    <ignored/>
  </testcase> <!-- @BeforeSuite init -->
  <testcase classname="com.luma.pagetests.BaseTest" name="@AfterSuite tearDown" time="0.0">
    <ignored/>
  </testcase> <!-- @AfterSuite tearDown -->
  <testcase classname="com.luma.pagetests.BaseTest" name="@AfterSuite tearDown" time="0.0">
    <ignored/>
  </testcase> <!-- @AfterSuite tearDown -->
  <testcase classname="com.luma.pagetests.BaseTest" name="@AfterSuite tearDown" time="0.0">
    <ignored/>
  </testcase> <!-- @AfterSuite tearDown -->
  <testcase classname="com.luma.pagetests.BaseTest" name="@AfterSuite tearDown" time="0.0">
    <ignored/>
  </testcase> <!-- @AfterSuite tearDown -->
</testsuite> <!-- Test -->
