<?xml version="1.0" encoding="UTF-8"?>
<testng-results ignored="0" total="1" passed="0" failed="1" skipped="0">
  <reporter-output>
  </reporter-output>
  <suite started-at="2025-01-06T12:34:45 EST" name="Suite" finished-at="2025-01-06T12:35:44 EST" duration-ms="59198">
    <groups>
    </groups>
    <test started-at="2025-01-06T12:34:45 EST" name="Test" finished-at="2025-01-06T12:35:44 EST" duration-ms="59198">
      <class name="com.luma.loginpagetests.CreateNewCxAccTest">
        <test-method is-config="true" signature="launchSite()[pri:0, instance:com.luma.loginpagetests.CreateNewCxAccTest@5e0826e7]" started-at="2025-01-06T12:34:45 EST" name="launchSite" finished-at="2025-01-06T12:35:35 EST" duration-ms="50176" status="PASS">
          <reporter-output>
          </reporter-output>
        </test-method> <!-- launchSite -->
        <test-method signature="VerifyCreateNewCxAccTest()[pri:0, instance:com.luma.loginpagetests.CreateNewCxAccTest@5e0826e7]" started-at="2025-01-06T12:35:35 EST" name="VerifyCreateNewCxAccTest" finished-at="2025-01-06T12:35:43 EST" duration-ms="7482" status="FAIL">
          <exception class="java.lang.AssertionError">
            <message>
              <![CDATA[expected [Thank you for registering with Main Website Store.] but found [My Account]]]>
            </message>
            <full-stacktrace>
              <![CDATA[java.lang.AssertionError: expected [Thank you for registering with Main Website Store.] but found [My Account]
at org.testng.Assert.fail(Assert.java:99)
at org.testng.Assert.failNotEquals(Assert.java:1037)
at org.testng.Assert.assertEqualsImpl(Assert.java:140)
at org.testng.Assert.assertEquals(Assert.java:122)
at org.testng.Assert.assertEquals(Assert.java:629)
at org.testng.Assert.assertEquals(Assert.java:639)
at com.luma.loginpagetests.CreateNewCxAccTest.VerifyCreateNewCxAccTest(CreateNewCxAccTest.java:24)
at java.base/jdk.internal.reflect.DirectMethodHandleAccessor.invoke(DirectMethodHandleAccessor.java:103)
at java.base/java.lang.reflect.Method.invoke(Method.java:580)
at org.testng.internal.MethodInvocationHelper.invokeMethod(MethodInvocationHelper.java:133)
at org.testng.internal.TestInvoker.invokeMethod(TestInvoker.java:598)
at org.testng.internal.TestInvoker.invokeTestMethod(TestInvoker.java:173)
at org.testng.internal.MethodRunner.runInSequence(MethodRunner.java:46)
at org.testng.internal.TestInvoker$MethodInvocationAgent.invoke(TestInvoker.java:824)
at org.testng.internal.TestInvoker.invokeTestMethods(TestInvoker.java:146)
at org.testng.internal.TestMethodWorker.invokeTestMethods(TestMethodWorker.java:146)
at org.testng.internal.TestMethodWorker.run(TestMethodWorker.java:128)
at java.base/java.util.ArrayList.forEach(ArrayList.java:1596)
at org.testng.TestRunner.privateRun(TestRunner.java:794)
at org.testng.TestRunner.run(TestRunner.java:596)
at org.testng.SuiteRunner.runTest(SuiteRunner.java:377)
at org.testng.SuiteRunner.runSequentially(SuiteRunner.java:371)
at org.testng.SuiteRunner.privateRun(SuiteRunner.java:332)
at org.testng.SuiteRunner.run(SuiteRunner.java:276)
at org.testng.SuiteRunnerWorker.runSuite(SuiteRunnerWorker.java:53)
at org.testng.SuiteRunnerWorker.run(SuiteRunnerWorker.java:96)
at org.testng.TestNG.runSuitesSequentially(TestNG.java:1212)
at org.testng.TestNG.runSuitesLocally(TestNG.java:1134)
at org.testng.TestNG.runSuites(TestNG.java:1063)
at org.testng.TestNG.run(TestNG.java:1031)
at org.testng.remote.AbstractRemoteTestNG.run(AbstractRemoteTestNG.java:115)
at org.testng.remote.RemoteTestNG.initAndRun(RemoteTestNG.java:293)
at org.testng.remote.RemoteTestNG.main(RemoteTestNG.java:91)
]]>
            </full-stacktrace>
          </exception> <!-- java.lang.AssertionError -->
          <reporter-output>
          </reporter-output>
        </test-method> <!-- VerifyCreateNewCxAccTest -->
        <test-method is-config="true" signature="tearDown()[pri:0, instance:com.luma.loginpagetests.CreateNewCxAccTest@5e0826e7]" started-at="2025-01-06T12:35:43 EST" name="tearDown" finished-at="2025-01-06T12:35:44 EST" duration-ms="1465" status="PASS">
          <reporter-output>
          </reporter-output>
        </test-method> <!-- tearDown -->
      </class> <!-- com.luma.loginpagetests.CreateNewCxAccTest -->
    </test> <!-- Test -->
  </suite> <!-- Suite -->
</testng-results>
